2019/01/08 17:47:48 Input file: fixtures/input.txt
2019/01/08 17:47:48 Workers: 5
2019/01/08 17:47:48 Processing: https://i.redd.it/xae65ypfqycy.jpg
2019/01/08 17:47:48 Processing: http://i.imgur.com/FApqk3D.jpg
2019/01/08 17:47:48 Processing: https://i.redd.it/d8021b5i2moy.jpg
2019/01/08 17:47:48 Processing: http://i.imgur.com/TKLs9lo.jpg
2019/01/08 17:47:48 Processing: https://i.redd.it/4m5yk8gjrtzy.jpg
2019/01/08 17:47:48 Processing: http://i.imgur.com/lcEUZHv.jpg
2019/01/08 17:47:48 Processing: https://i.redd.it/1nlgrn49x7ry.jpg
2019/01/08 17:47:48 Processing: http://i.imgur.com/M3NOzLC.jpg
2019/01/08 17:47:49 Processing: https://i.redd.it/w5q6gldnvcuy.jpg
2019/01/08 17:47:49 Processing: https://i.redd.it/s5viyluv421z.jpg
2019/01/08 17:47:50 Processing: https://i.redd.it/h5t3qddvvzry.jpg
2019/01/08 17:47:51 Processing: https://i.redd.it/ftd3sx5ah13z.jpg
2019/01/08 17:47:51 Processing: https://i.redd.it/7ofdqmp53bzy.jpg
2019/01/08 17:47:51 Processing: http://i.imgur.com/sXhEQez.jpg
2019/01/08 17:47:52 Processing: https://i.redd.it/cwljeujku33z.jpg
2019/01/08 17:47:53 Processing: https://i.redd.it/fsuv32a1cc9y.jpg
2019/01/08 17:47:53 Processing: http://i.imgur.com/enhDnTM.jpg
2019/01/08 17:47:53 Processing: http://i.imgur.com/tyDhTll.jpg
2019/01/08 17:47:54 Processing: http://i.imgur.com/puEqa4C.jpg
2019/01/08 17:47:54 Processing: https://i.redd.it/ihczg3pmle3z.jpg
2019/01/08 17:47:54 Processing: https://i.redd.it/cpkq97klre4z.jpg
2019/01/08 17:47:55 Processing: http://i.imgur.com/RycdbMO.jpg
2019/01/08 17:47:55 Processing: https://i.redd.it/sn7ufk9fsv4z.jpg
2019/01/08 17:47:56 Processing: https://i.redd.it/n9jq5j2tatcy.jpg
2019/01/08 17:47:58 Processing: https://i.redd.it/0qow2dksb34z.jpg
2019/01/08 17:47:58 Processing: http://i.imgur.com/pt9rmrv.jpg
2019/01/08 17:47:59 Processing: http://i.imgur.com/6pnYQUv.jpg
2019/01/08 17:48:00 Processing: https://i.imgur.com/HRgRMOw.jpg
2019/01/08 17:48:01 Processing: https://i.redd.it/rubsfuf64lvy.jpg
2019/01/08 17:48:02 Processing: https://i.redd.it/nrafqoujmety.jpg
2019/01/08 17:48:02 Processing: https://i.redd.it/ru12lvaf7jyy.jpg
2019/01/08 17:48:03 Processing: https://i.redd.it/c5pk0vnpg3ty.jpg
2019/01/08 17:48:03 Processing: http://i.imgur.com/qvnjbVw.jpg
2019/01/08 17:48:03 Processing: https://i.redd.it/ax4eueu0szpy.jpg
2019/01/08 17:48:04 Processing: https://i.redd.it/guul6eld2soy.jpg
2019/01/08 17:48:04 Processing: http://i.imgur.com/Gh2I3pq.jpg
2019/01/08 17:48:04 Processing: https://i.redd.it/m4cfqp8wfv5z.jpg
2019/01/08 17:48:04 Processing: https://i.redd.it/tb5pckm6e72y.jpg
2019/01/08 17:48:05 Processing: https://i.redd.it/fyqzavufvjwy.jpg
2019/01/08 17:48:06 Processing: https://i.redd.it/lsuw4p2ncyny.jpg
2019/01/08 17:48:06 Processing: http://i.imgur.com/FApqk3D.jpg
2019/01/08 17:48:07 Processing: http://i.imgur.com/TKLs9lo.jpg
2019/01/08 17:48:07 Processing: https://i.redd.it/d8021b5i2moy.jpg
2019/01/08 17:48:13 Processing: https://i.redd.it/4m5yk8gjrtzy.jpg
2019/01/08 17:48:13 Processing: https://i.redd.it/xae65ypfqycy.jpg
2019/01/08 17:48:13 Processing: http://i.imgur.com/lcEUZHv.jpg
2019/01/08 17:48:14 Processing: https://i.redd.it/1nlgrn49x7ry.jpg
2019/01/08 17:48:14 Processing: http://i.imgur.com/M3NOzLC.jpg
2019/01/08 17:48:14 Processing: https://i.redd.it/w5q6gldnvcuy.jpg
2019/01/08 17:48:14 Processing: https://i.redd.it/s5viyluv421z.jpg
2019/01/08 17:48:15 Processing: https://i.redd.it/h5t3qddvvzry.jpg
2019/01/08 17:48:15 Processing: https://i.redd.it/ftd3sx5ah13z.jpg
2019/01/08 17:48:15 Processing: https://i.redd.it/7ofdqmp53bzy.jpg
2019/01/08 17:48:15 Processing: http://i.imgur.com/sXhEQez.jpg
2019/01/08 17:48:16 Processing: https://i.redd.it/cwljeujku33z.jpg
2019/01/08 17:48:17 Processing: https://i.redd.it/fsuv32a1cc9y.jpg
2019/01/08 17:48:17 Processing: http://i.imgur.com/enhDnTM.jpg
2019/01/08 17:48:18 Processing: http://i.imgur.com/tyDhTll.jpg
2019/01/08 17:48:18 Processing: http://i.imgur.com/puEqa4C.jpg
2019/01/08 17:48:18 Processing: https://i.redd.it/ihczg3pmle3z.jpg
2019/01/08 17:48:18 Processing: https://i.redd.it/cpkq97klre4z.jpg
2019/01/08 17:48:19 Processing: http://i.imgur.com/RycdbMO.jpg
2019/01/08 17:48:19 Processing: https://i.redd.it/sn7ufk9fsv4z.jpg
2019/01/08 17:48:20 Processing: https://i.redd.it/n9jq5j2tatcy.jpg
2019/01/08 17:48:21 Processing: https://i.redd.it/0qow2dksb34z.jpg
2019/01/08 17:48:21 Processing: http://i.imgur.com/pt9rmrv.jpg
2019/01/08 17:48:22 Processing: http://i.imgur.com/6pnYQUv.jpg
2019/01/08 17:48:23 Processing: https://i.imgur.com/HRgRMOw.jpg
2019/01/08 17:48:24 Processing: https://i.redd.it/rubsfuf64lvy.jpg
2019/01/08 17:48:25 Processing: https://i.redd.it/nrafqoujmety.jpg
2019/01/08 17:48:26 Processing: https://i.redd.it/ru12lvaf7jyy.jpg
2019/01/08 17:48:26 Processing: https://i.redd.it/c5pk0vnpg3ty.jpg
2019/01/08 17:48:26 Processing: http://i.imgur.com/qvnjbVw.jpg
2019/01/08 17:48:27 Processing: https://i.redd.it/ax4eueu0szpy.jpg
2019/01/08 17:48:27 Processing: https://i.redd.it/guul6eld2soy.jpg
2019/01/08 17:48:27 Processing: http://i.imgur.com/Gh2I3pq.jpg
2019/01/08 17:48:27 Processing: https://i.redd.it/m4cfqp8wfv5z.jpg
2019/01/08 17:48:28 Processing: https://i.redd.it/tb5pckm6e72y.jpg
2019/01/08 17:48:29 Processing: https://i.redd.it/fyqzavufvjwy.jpg
2019/01/08 17:48:29 Processing: https://i.redd.it/lsuw4p2ncyny.jpg
2019/01/08 17:48:30 Processing: http://i.imgur.com/FApqk3D.jpg
2019/01/08 17:48:31 Processing: http://i.imgur.com/TKLs9lo.jpg
2019/01/08 17:48:32 Processing: https://i.redd.it/d8021b5i2moy.jpg
2019/01/08 17:48:38 Processing: https://i.redd.it/4m5yk8gjrtzy.jpg
2019/01/08 17:48:38 Processing: https://i.redd.it/xae65ypfqycy.jpg
2019/01/08 17:48:38 Processing: http://i.imgur.com/lcEUZHv.jpg
2019/01/08 17:48:39 Processing: https://i.redd.it/1nlgrn49x7ry.jpg
2019/01/08 17:48:39 Processing: http://i.imgur.com/M3NOzLC.jpg
2019/01/08 17:48:39 Processing: https://i.redd.it/w5q6gldnvcuy.jpg
2019/01/08 17:48:39 Processing: https://i.redd.it/s5viyluv421z.jpg
2019/01/08 17:48:40 Processing: https://i.redd.it/h5t3qddvvzry.jpg
2019/01/08 17:48:40 Processing: https://i.redd.it/ftd3sx5ah13z.jpg
2019/01/08 17:48:41 Processing: https://i.redd.it/7ofdqmp53bzy.jpg
2019/01/08 17:48:41 Processing: http://i.imgur.com/sXhEQez.jpg
2019/01/08 17:48:41 Processing: https://i.redd.it/cwljeujku33z.jpg
2019/01/08 17:48:42 Processing: https://i.redd.it/fsuv32a1cc9y.jpg
2019/01/08 17:48:43 Processing: http://i.imgur.com/enhDnTM.jpg
2019/01/08 17:48:43 Processing: http://i.imgur.com/tyDhTll.jpg
2019/01/08 17:48:45 Processing: http://i.imgur.com/puEqa4C.jpg
2019/01/08 17:48:45 Processing: https://i.redd.it/ihczg3pmle3z.jpg
2019/01/08 17:48:45 Processing: https://i.redd.it/cpkq97klre4z.jpg
2019/01/08 17:48:46 Processing: http://i.imgur.com/RycdbMO.jpg
2019/01/08 17:48:46 Processing: https://i.redd.it/sn7ufk9fsv4z.jpg
2019/01/08 17:48:47 Processing: https://i.redd.it/n9jq5j2tatcy.jpg
2019/01/08 17:48:48 Processing: https://i.redd.it/0qow2dksb34z.jpg
2019/01/08 17:48:48 Processing: http://i.imgur.com/pt9rmrv.jpg
2019/01/08 17:48:50 Processing: http://i.imgur.com/6pnYQUv.jpg
2019/01/08 17:48:51 Processing: https://i.imgur.com/HRgRMOw.jpg
2019/01/08 17:48:52 Processing: https://i.redd.it/rubsfuf64lvy.jpg
2019/01/08 17:48:53 Processing: https://i.redd.it/nrafqoujmety.jpg
2019/01/08 17:48:53 Processing: https://i.redd.it/ru12lvaf7jyy.jpg
2019/01/08 17:48:54 Processing: https://i.redd.it/c5pk0vnpg3ty.jpg
2019/01/08 17:48:54 Processing: http://i.imgur.com/qvnjbVw.jpg
2019/01/08 17:48:54 Processing: https://i.redd.it/ax4eueu0szpy.jpg
2019/01/08 17:48:54 Processing: https://i.redd.it/guul6eld2soy.jpg
2019/01/08 17:48:54 Processing: http://i.imgur.com/Gh2I3pq.jpg
2019/01/08 17:48:55 Processing: https://i.redd.it/m4cfqp8wfv5z.jpg
2019/01/08 17:48:55 Processing: https://i.redd.it/tb5pckm6e72y.jpg
2019/01/08 17:48:56 Processing: https://i.redd.it/fyqzavufvjwy.jpg
2019/01/08 17:48:56 Processing: https://i.redd.it/lsuw4p2ncyny.jpg
2019/01/08 17:48:57 Processing: http://i.imgur.com/FApqk3D.jpg
2019/01/08 17:48:59 Processing: http://i.imgur.com/TKLs9lo.jpg
2019/01/08 17:48:59 Processing: https://i.redd.it/d8021b5i2moy.jpg
2019/01/08 17:49:04 Processing: https://i.redd.it/4m5yk8gjrtzy.jpg
2019/01/08 17:49:04 Processing: https://i.redd.it/xae65ypfqycy.jpg
2019/01/08 17:49:04 Processing: http://i.imgur.com/lcEUZHv.jpg
2019/01/08 17:49:04 Processing: https://i.redd.it/1nlgrn49x7ry.jpg
2019/01/08 17:49:05 Processing: http://i.imgur.com/M3NOzLC.jpg
2019/01/08 17:49:05 Processing: https://i.redd.it/w5q6gldnvcuy.jpg
2019/01/08 17:49:05 Processing: https://i.redd.it/s5viyluv421z.jpg
2019/01/08 17:49:05 Processing: https://i.redd.it/h5t3qddvvzry.jpg
2019/01/08 17:49:06 Processing: https://i.redd.it/ftd3sx5ah13z.jpg
2019/01/08 17:49:06 Processing: https://i.redd.it/7ofdqmp53bzy.jpg
2019/01/08 17:49:07 Processing: http://i.imgur.com/sXhEQez.jpg
2019/01/08 17:49:07 Processing: https://i.redd.it/cwljeujku33z.jpg
2019/01/08 17:49:08 Processing: https://i.redd.it/fsuv32a1cc9y.jpg
2019/01/08 17:49:09 Processing: http://i.imgur.com/enhDnTM.jpg
2019/01/08 17:49:09 Processing: http://i.imgur.com/tyDhTll.jpg
2019/01/08 17:49:09 Processing: http://i.imgur.com/puEqa4C.jpg
2019/01/08 17:49:09 Processing: https://i.redd.it/ihczg3pmle3z.jpg
2019/01/08 17:49:09 Processing: https://i.redd.it/cpkq97klre4z.jpg
2019/01/08 17:49:10 Processing: http://i.imgur.com/RycdbMO.jpg
2019/01/08 17:49:10 Processing: https://i.redd.it/sn7ufk9fsv4z.jpg
2019/01/08 17:49:11 Processing: https://i.redd.it/n9jq5j2tatcy.jpg
2019/01/08 17:49:12 Processing: https://i.redd.it/0qow2dksb34z.jpg
2019/01/08 17:49:12 Processing: http://i.imgur.com/pt9rmrv.jpg
2019/01/08 17:49:14 Processing: http://i.imgur.com/6pnYQUv.jpg
2019/01/08 17:49:14 Processing: https://i.imgur.com/HRgRMOw.jpg
2019/01/08 17:49:15 Processing: https://i.redd.it/rubsfuf64lvy.jpg
2019/01/08 17:49:16 Processing: https://i.redd.it/nrafqoujmety.jpg
2019/01/08 17:49:17 Processing: https://i.redd.it/ru12lvaf7jyy.jpg
2019/01/08 17:49:18 Processing: https://i.redd.it/c5pk0vnpg3ty.jpg
2019/01/08 17:49:18 Processing: http://i.imgur.com/qvnjbVw.jpg
2019/01/08 17:49:18 Processing: https://i.redd.it/ax4eueu0szpy.jpg
2019/01/08 17:49:18 Processing: https://i.redd.it/guul6eld2soy.jpg
2019/01/08 17:49:19 Processing: http://i.imgur.com/Gh2I3pq.jpg
2019/01/08 17:49:19 Processing: https://i.redd.it/m4cfqp8wfv5z.jpg
2019/01/08 17:49:19 Processing: https://i.redd.it/tb5pckm6e72y.jpg
2019/01/08 17:49:20 Processing: https://i.redd.it/fyqzavufvjwy.jpg
2019/01/08 17:49:20 Processing: https://i.redd.it/lsuw4p2ncyny.jpg
2019/01/08 17:49:21 Processing: http://i.imgur.com/FApqk3D.jpg
2019/01/08 17:49:22 Processing: http://i.imgur.com/TKLs9lo.jpg
2019/01/08 17:49:23 Processing: https://i.redd.it/d8021b5i2moy.jpg
2019/01/08 17:49:26 Processing: https://i.redd.it/4m5yk8gjrtzy.jpg
2019/01/08 17:49:27 Processing: https://i.redd.it/xae65ypfqycy.jpg
2019/01/08 17:49:27 Processing: http://i.imgur.com/lcEUZHv.jpg
2019/01/08 17:49:28 Processing: https://i.redd.it/1nlgrn49x7ry.jpg
2019/01/08 17:49:28 Processing: http://i.imgur.com/M3NOzLC.jpg
2019/01/08 17:49:29 Processing: https://i.redd.it/w5q6gldnvcuy.jpg
2019/01/08 17:49:29 Processing: https://i.redd.it/s5viyluv421z.jpg
2019/01/08 17:49:29 Processing: https://i.redd.it/h5t3qddvvzry.jpg
2019/01/08 17:49:29 Processing: https://i.redd.it/ftd3sx5ah13z.jpg
2019/01/08 17:49:30 Processing: https://i.redd.it/7ofdqmp53bzy.jpg
2019/01/08 17:49:30 Processing: http://i.imgur.com/sXhEQez.jpg
2019/01/08 17:49:31 Processing: https://i.redd.it/cwljeujku33z.jpg
2019/01/08 17:49:32 Processing: https://i.redd.it/fsuv32a1cc9y.jpg
2019/01/08 17:49:32 Processing: http://i.imgur.com/enhDnTM.jpg
2019/01/08 17:49:32 Processing: http://i.imgur.com/tyDhTll.jpg
2019/01/08 17:49:32 Processing: http://i.imgur.com/puEqa4C.jpg
2019/01/08 17:49:33 Processing: https://i.redd.it/ihczg3pmle3z.jpg
2019/01/08 17:49:33 Processing: https://i.redd.it/cpkq97klre4z.jpg
2019/01/08 17:49:33 Processing: http://i.imgur.com/RycdbMO.jpg
2019/01/08 17:49:34 Processing: https://i.redd.it/sn7ufk9fsv4z.jpg
2019/01/08 17:49:35 Processing: https://i.redd.it/n9jq5j2tatcy.jpg
2019/01/08 17:49:36 Processing: https://i.redd.it/0qow2dksb34z.jpg
2019/01/08 17:49:36 Processing: http://i.imgur.com/pt9rmrv.jpg
2019/01/08 17:49:37 Processing: http://i.imgur.com/6pnYQUv.jpg
2019/01/08 17:49:38 Processing: https://i.imgur.com/HRgRMOw.jpg
2019/01/08 17:49:38 Processing: https://i.redd.it/rubsfuf64lvy.jpg
2019/01/08 17:49:39 Processing: https://i.redd.it/nrafqoujmety.jpg
2019/01/08 17:49:41 Processing: https://i.redd.it/ru12lvaf7jyy.jpg
2019/01/08 17:49:41 Processing: https://i.redd.it/c5pk0vnpg3ty.jpg
2019/01/08 17:49:41 Processing: http://i.imgur.com/qvnjbVw.jpg
2019/01/08 17:49:41 Processing: https://i.redd.it/ax4eueu0szpy.jpg
2019/01/08 17:49:42 Processing: https://i.redd.it/guul6eld2soy.jpg
2019/01/08 17:49:42 Processing: http://i.imgur.com/Gh2I3pq.jpg
2019/01/08 17:49:42 Processing: https://i.redd.it/m4cfqp8wfv5z.jpg
2019/01/08 17:49:42 Processing: https://i.redd.it/tb5pckm6e72y.jpg
2019/01/08 17:49:43 Processing: https://i.redd.it/fyqzavufvjwy.jpg
2019/01/08 17:49:44 Processing: https://i.redd.it/lsuw4p2ncyny.jpg
2019/01/08 17:49:44 Processing: http://i.imgur.com/FApqk3D.jpg
2019/01/08 17:49:46 Processing: http://i.imgur.com/TKLs9lo.jpg
2019/01/08 17:49:46 Processing: https://i.redd.it/d8021b5i2moy.jpg
2019/01/08 17:49:51 Processing: https://i.redd.it/4m5yk8gjrtzy.jpg
2019/01/08 17:49:51 Processing: https://i.redd.it/xae65ypfqycy.jpg
2019/01/08 17:49:52 Processing: http://i.imgur.com/lcEUZHv.jpg
2019/01/08 17:49:52 Processing: https://i.redd.it/1nlgrn49x7ry.jpg
2019/01/08 17:49:52 Processing: http://i.imgur.com/M3NOzLC.jpg
2019/01/08 17:49:53 Processing: https://i.redd.it/w5q6gldnvcuy.jpg
2019/01/08 17:49:53 Processing: https://i.redd.it/s5viyluv421z.jpg
2019/01/08 17:49:53 Processing: https://i.redd.it/h5t3qddvvzry.jpg
2019/01/08 17:49:54 Processing: https://i.redd.it/ftd3sx5ah13z.jpg
2019/01/08 17:49:54 Processing: https://i.redd.it/7ofdqmp53bzy.jpg
2019/01/08 17:49:54 Processing: http://i.imgur.com/sXhEQez.jpg
2019/01/08 17:49:55 Processing: https://i.redd.it/cwljeujku33z.jpg
2019/01/08 17:49:55 Processing: https://i.redd.it/fsuv32a1cc9y.jpg
2019/01/08 17:49:56 Processing: http://i.imgur.com/enhDnTM.jpg
2019/01/08 17:49:58 Processing: http://i.imgur.com/tyDhTll.jpg
2019/01/08 17:49:58 Processing: http://i.imgur.com/puEqa4C.jpg
2019/01/08 17:49:59 Processing: https://i.redd.it/ihczg3pmle3z.jpg
2019/01/08 17:49:59 Processing: https://i.redd.it/cpkq97klre4z.jpg
2019/01/08 17:49:59 Processing: http://i.imgur.com/RycdbMO.jpg
2019/01/08 17:50:00 Processing: https://i.redd.it/sn7ufk9fsv4z.jpg
2019/01/08 17:50:00 Processing: https://i.redd.it/n9jq5j2tatcy.jpg
2019/01/08 17:50:01 Processing: https://i.redd.it/0qow2dksb34z.jpg
2019/01/08 17:50:02 Processing: http://i.imgur.com/pt9rmrv.jpg
2019/01/08 17:50:04 Processing: http://i.imgur.com/6pnYQUv.jpg
2019/01/08 17:50:05 Processing: https://i.imgur.com/HRgRMOw.jpg
2019/01/08 17:50:06 Processing: https://i.redd.it/rubsfuf64lvy.jpg
2019/01/08 17:50:07 Processing: https://i.redd.it/nrafqoujmety.jpg
2019/01/08 17:50:07 Processing: https://i.redd.it/ru12lvaf7jyy.jpg
2019/01/08 17:50:08 Processing: https://i.redd.it/c5pk0vnpg3ty.jpg
2019/01/08 17:50:08 Processing: http://i.imgur.com/qvnjbVw.jpg
2019/01/08 17:50:08 Processing: https://i.redd.it/ax4eueu0szpy.jpg
2019/01/08 17:50:08 Processing: https://i.redd.it/guul6eld2soy.jpg
2019/01/08 17:50:08 Processing: http://i.imgur.com/Gh2I3pq.jpg
2019/01/08 17:50:08 Processing: https://i.redd.it/m4cfqp8wfv5z.jpg
2019/01/08 17:50:09 Processing: https://i.redd.it/tb5pckm6e72y.jpg
2019/01/08 17:50:10 Processing: https://i.redd.it/fyqzavufvjwy.jpg
2019/01/08 17:50:10 Processing: https://i.redd.it/lsuw4p2ncyny.jpg
2019/01/08 17:50:11 Processing: http://i.imgur.com/FApqk3D.jpg
2019/01/08 17:50:12 Processing: http://i.imgur.com/TKLs9lo.jpg
2019/01/08 17:50:12 Processing: https://i.redd.it/d8021b5i2moy.jpg
2019/01/08 17:50:16 Processing: https://i.redd.it/4m5yk8gjrtzy.jpg
2019/01/08 17:50:17 Processing: https://i.redd.it/xae65ypfqycy.jpg
2019/01/08 17:50:17 Processing: http://i.imgur.com/lcEUZHv.jpg
2019/01/08 17:50:17 Processing: https://i.redd.it/1nlgrn49x7ry.jpg
2019/01/08 17:50:18 Processing: http://i.imgur.com/M3NOzLC.jpg
2019/01/08 17:50:18 Processing: https://i.redd.it/w5q6gldnvcuy.jpg
2019/01/08 17:50:19 Processing: https://i.redd.it/s5viyluv421z.jpg
2019/01/08 17:50:19 Processing: https://i.redd.it/h5t3qddvvzry.jpg
2019/01/08 17:50:19 Processing: https://i.redd.it/ftd3sx5ah13z.jpg
2019/01/08 17:50:19 Processing: https://i.redd.it/7ofdqmp53bzy.jpg
2019/01/08 17:50:19 Processing: http://i.imgur.com/sXhEQez.jpg
2019/01/08 17:50:20 Processing: https://i.redd.it/cwljeujku33z.jpg
2019/01/08 17:50:21 Processing: https://i.redd.it/fsuv32a1cc9y.jpg
2019/01/08 17:50:21 Processing: http://i.imgur.com/enhDnTM.jpg
2019/01/08 17:50:21 Processing: http://i.imgur.com/tyDhTll.jpg
2019/01/08 17:50:22 Processing: http://i.imgur.com/puEqa4C.jpg
2019/01/08 17:50:22 Processing: https://i.redd.it/ihczg3pmle3z.jpg
2019/01/08 17:50:22 Processing: https://i.redd.it/cpkq97klre4z.jpg
2019/01/08 17:50:22 Processing: http://i.imgur.com/RycdbMO.jpg
2019/01/08 17:50:23 Processing: https://i.redd.it/sn7ufk9fsv4z.jpg
2019/01/08 17:50:24 Processing: https://i.redd.it/n9jq5j2tatcy.jpg
2019/01/08 17:50:24 Processing: https://i.redd.it/0qow2dksb34z.jpg
2019/01/08 17:50:25 Processing: http://i.imgur.com/pt9rmrv.jpg
2019/01/08 17:50:27 Processing: http://i.imgur.com/6pnYQUv.jpg
2019/01/08 17:50:27 Processing: https://i.imgur.com/HRgRMOw.jpg
2019/01/08 17:50:28 Processing: https://i.redd.it/rubsfuf64lvy.jpg
2019/01/08 17:50:29 Processing: https://i.redd.it/nrafqoujmety.jpg
2019/01/08 17:50:30 Processing: https://i.redd.it/ru12lvaf7jyy.jpg
2019/01/08 17:50:30 Processing: https://i.redd.it/c5pk0vnpg3ty.jpg
2019/01/08 17:50:30 Processing: http://i.imgur.com/qvnjbVw.jpg
2019/01/08 17:50:31 Processing: https://i.redd.it/ax4eueu0szpy.jpg
2019/01/08 17:50:31 Processing: https://i.redd.it/guul6eld2soy.jpg
2019/01/08 17:50:31 Processing: http://i.imgur.com/Gh2I3pq.jpg
2019/01/08 17:50:31 Processing: https://i.redd.it/m4cfqp8wfv5z.jpg
2019/01/08 17:50:32 Processing: https://i.redd.it/tb5pckm6e72y.jpg
2019/01/08 17:50:33 Processing: https://i.redd.it/fyqzavufvjwy.jpg
2019/01/08 17:50:33 Processing: https://i.redd.it/lsuw4p2ncyny.jpg
2019/01/08 17:50:34 Processing: http://i.imgur.com/FApqk3D.jpg
2019/01/08 17:50:35 Processing: http://i.imgur.com/TKLs9lo.jpg
2019/01/08 17:50:35 Processing: https://i.redd.it/d8021b5i2moy.jpg
2019/01/08 17:50:39 Processing: https://i.redd.it/4m5yk8gjrtzy.jpg
2019/01/08 17:50:40 Processing: https://i.redd.it/xae65ypfqycy.jpg
2019/01/08 17:50:40 Processing: http://i.imgur.com/lcEUZHv.jpg
2019/01/08 17:50:40 Processing: https://i.redd.it/1nlgrn49x7ry.jpg
2019/01/08 17:50:40 Processing: http://i.imgur.com/M3NOzLC.jpg
2019/01/08 17:50:41 Processing: https://i.redd.it/w5q6gldnvcuy.jpg
2019/01/08 17:50:41 Processing: https://i.redd.it/s5viyluv421z.jpg
2019/01/08 17:50:42 Processing: https://i.redd.it/h5t3qddvvzry.jpg
2019/01/08 17:50:42 Processing: https://i.redd.it/ftd3sx5ah13z.jpg
2019/01/08 17:50:42 Processing: https://i.redd.it/7ofdqmp53bzy.jpg
2019/01/08 17:50:42 Processing: http://i.imgur.com/sXhEQez.jpg
2019/01/08 17:50:43 Processing: https://i.redd.it/cwljeujku33z.jpg
2019/01/08 17:50:44 Processing: https://i.redd.it/fsuv32a1cc9y.jpg
2019/01/08 17:50:44 Processing: http://i.imgur.com/enhDnTM.jpg
2019/01/08 17:50:45 Processing: http://i.imgur.com/tyDhTll.jpg
2019/01/08 17:50:46 Processing: http://i.imgur.com/puEqa4C.jpg
2019/01/08 17:50:47 Processing: https://i.redd.it/ihczg3pmle3z.jpg
2019/01/08 17:50:47 Processing: https://i.redd.it/cpkq97klre4z.jpg
2019/01/08 17:50:47 Processing: http://i.imgur.com/RycdbMO.jpg
2019/01/08 17:50:47 Processing: https://i.redd.it/sn7ufk9fsv4z.jpg
2019/01/08 17:50:48 Processing: https://i.redd.it/n9jq5j2tatcy.jpg
2019/01/08 17:50:49 Processing: https://i.redd.it/0qow2dksb34z.jpg
2019/01/08 17:50:50 Processing: http://i.imgur.com/pt9rmrv.jpg
2019/01/08 17:50:51 Processing: http://i.imgur.com/6pnYQUv.jpg
2019/01/08 17:50:52 Processing: https://i.imgur.com/HRgRMOw.jpg
2019/01/08 17:50:52 Processing: https://i.redd.it/rubsfuf64lvy.jpg
2019/01/08 17:50:53 Processing: https://i.redd.it/nrafqoujmety.jpg
2019/01/08 17:50:55 Processing: https://i.redd.it/ru12lvaf7jyy.jpg
2019/01/08 17:50:55 Processing: https://i.redd.it/c5pk0vnpg3ty.jpg
2019/01/08 17:50:55 Processing: http://i.imgur.com/qvnjbVw.jpg
2019/01/08 17:50:55 Processing: https://i.redd.it/ax4eueu0szpy.jpg
2019/01/08 17:50:55 Processing: https://i.redd.it/guul6eld2soy.jpg
2019/01/08 17:50:55 Processing: http://i.imgur.com/Gh2I3pq.jpg
2019/01/08 17:50:56 Processing: https://i.redd.it/m4cfqp8wfv5z.jpg
2019/01/08 17:50:56 Processing: https://i.redd.it/tb5pckm6e72y.jpg
2019/01/08 17:50:57 Processing: https://i.redd.it/fyqzavufvjwy.jpg
2019/01/08 17:50:57 Processing: https://i.redd.it/lsuw4p2ncyny.jpg
2019/01/08 17:50:58 Processing: http://i.imgur.com/FApqk3D.jpg
2019/01/08 17:50:59 Processing: http://i.imgur.com/TKLs9lo.jpg
2019/01/08 17:50:59 Processing: https://i.redd.it/d8021b5i2moy.jpg
2019/01/08 17:51:04 Processing: https://i.redd.it/4m5yk8gjrtzy.jpg
2019/01/08 17:51:05 Processing: https://i.redd.it/xae65ypfqycy.jpg
2019/01/08 17:51:05 Processing: http://i.imgur.com/lcEUZHv.jpg
2019/01/08 17:51:05 Processing: https://i.redd.it/1nlgrn49x7ry.jpg
2019/01/08 17:51:06 Processing: http://i.imgur.com/M3NOzLC.jpg
2019/01/08 17:51:06 Processing: https://i.redd.it/w5q6gldnvcuy.jpg
2019/01/08 17:51:06 Processing: https://i.redd.it/s5viyluv421z.jpg
2019/01/08 17:51:07 Processing: https://i.redd.it/h5t3qddvvzry.jpg
2019/01/08 17:51:07 Processing: https://i.redd.it/ftd3sx5ah13z.jpg
2019/01/08 17:51:08 Processing: https://i.redd.it/7ofdqmp53bzy.jpg
2019/01/08 17:51:08 Processing: http://i.imgur.com/sXhEQez.jpg
2019/01/08 17:51:08 Processing: https://i.redd.it/cwljeujku33z.jpg
2019/01/08 17:51:09 Processing: https://i.redd.it/fsuv32a1cc9y.jpg
2019/01/08 17:51:10 Processing: http://i.imgur.com/enhDnTM.jpg
2019/01/08 17:51:12 Processing: http://i.imgur.com/tyDhTll.jpg
2019/01/08 17:51:12 Processing: http://i.imgur.com/puEqa4C.jpg
2019/01/08 17:51:13 Processing: https://i.redd.it/ihczg3pmle3z.jpg
2019/01/08 17:51:13 Processing: https://i.redd.it/cpkq97klre4z.jpg
2019/01/08 17:51:13 Processing: http://i.imgur.com/RycdbMO.jpg
2019/01/08 17:51:13 Processing: https://i.redd.it/sn7ufk9fsv4z.jpg
2019/01/08 17:51:14 Processing: https://i.redd.it/n9jq5j2tatcy.jpg
2019/01/08 17:51:15 Processing: https://i.redd.it/0qow2dksb34z.jpg
2019/01/08 17:51:16 Processing: http://i.imgur.com/pt9rmrv.jpg
2019/01/08 17:51:17 Processing: http://i.imgur.com/6pnYQUv.jpg
2019/01/08 17:51:18 Processing: https://i.imgur.com/HRgRMOw.jpg
2019/01/08 17:51:18 Processing: https://i.redd.it/rubsfuf64lvy.jpg
2019/01/08 17:51:19 Processing: https://i.redd.it/nrafqoujmety.jpg
2019/01/08 17:51:19 Processing: https://i.redd.it/ru12lvaf7jyy.jpg
2019/01/08 17:51:20 Processing: https://i.redd.it/c5pk0vnpg3ty.jpg
2019/01/08 17:51:20 Processing: http://i.imgur.com/qvnjbVw.jpg
2019/01/08 17:51:20 Processing: https://i.redd.it/ax4eueu0szpy.jpg
2019/01/08 17:51:20 Processing: https://i.redd.it/guul6eld2soy.jpg
2019/01/08 17:51:21 Processing: http://i.imgur.com/Gh2I3pq.jpg
2019/01/08 17:51:21 Processing: https://i.redd.it/m4cfqp8wfv5z.jpg
2019/01/08 17:51:21 Processing: https://i.redd.it/tb5pckm6e72y.jpg
2019/01/08 17:51:22 Processing: https://i.redd.it/fyqzavufvjwy.jpg
2019/01/08 17:51:22 Processing: https://i.redd.it/lsuw4p2ncyny.jpg
2019/01/08 17:51:23 Processing: http://i.imgur.com/FApqk3D.jpg
2019/01/08 17:51:24 Processing: http://i.imgur.com/TKLs9lo.jpg
2019/01/08 17:51:25 Processing: https://i.redd.it/d8021b5i2moy.jpg
2019/01/08 17:51:28 Processing: https://i.redd.it/4m5yk8gjrtzy.jpg
2019/01/08 17:51:29 Processing: https://i.redd.it/xae65ypfqycy.jpg
2019/01/08 17:51:29 Processing: http://i.imgur.com/lcEUZHv.jpg
2019/01/08 17:51:29 Processing: https://i.redd.it/1nlgrn49x7ry.jpg
2019/01/08 17:51:30 Processing: http://i.imgur.com/M3NOzLC.jpg
2019/01/08 17:51:30 Processing: https://i.redd.it/w5q6gldnvcuy.jpg
2019/01/08 17:51:31 Processing: https://i.redd.it/s5viyluv421z.jpg
2019/01/08 17:51:31 Processing: https://i.redd.it/h5t3qddvvzry.jpg
2019/01/08 17:51:32 Processing: https://i.redd.it/ftd3sx5ah13z.jpg
2019/01/08 17:51:32 Processing: https://i.redd.it/7ofdqmp53bzy.jpg
2019/01/08 17:51:32 Processing: http://i.imgur.com/sXhEQez.jpg
2019/01/08 17:51:33 Processing: https://i.redd.it/cwljeujku33z.jpg
2019/01/08 17:51:34 Processing: https://i.redd.it/fsuv32a1cc9y.jpg
2019/01/08 17:51:34 Processing: http://i.imgur.com/enhDnTM.jpg
2019/01/08 17:51:34 Processing: http://i.imgur.com/tyDhTll.jpg
2019/01/08 17:51:35 Processing: http://i.imgur.com/puEqa4C.jpg
2019/01/08 17:51:35 Processing: https://i.redd.it/ihczg3pmle3z.jpg
2019/01/08 17:51:35 Processing: https://i.redd.it/cpkq97klre4z.jpg
2019/01/08 17:51:36 Processing: http://i.imgur.com/RycdbMO.jpg
2019/01/08 17:51:36 Processing: https://i.redd.it/sn7ufk9fsv4z.jpg
2019/01/08 17:51:37 Processing: https://i.redd.it/n9jq5j2tatcy.jpg
2019/01/08 17:51:38 Processing: https://i.redd.it/0qow2dksb34z.jpg
2019/01/08 17:51:38 Processing: http://i.imgur.com/pt9rmrv.jpg
2019/01/08 17:51:40 Processing: http://i.imgur.com/6pnYQUv.jpg
2019/01/08 17:51:40 Processing: https://i.imgur.com/HRgRMOw.jpg
2019/01/08 17:51:40 Processing: https://i.redd.it/rubsfuf64lvy.jpg
2019/01/08 17:51:42 Processing: https://i.redd.it/nrafqoujmety.jpg
2019/01/08 17:51:43 Processing: https://i.redd.it/ru12lvaf7jyy.jpg
2019/01/08 17:51:44 Processing: https://i.redd.it/c5pk0vnpg3ty.jpg
2019/01/08 17:51:44 Processing: http://i.imgur.com/qvnjbVw.jpg
2019/01/08 17:51:44 Processing: https://i.redd.it/ax4eueu0szpy.jpg
2019/01/08 17:51:44 Processing: https://i.redd.it/guul6eld2soy.jpg
2019/01/08 17:51:44 Processing: http://i.imgur.com/Gh2I3pq.jpg
2019/01/08 17:51:44 Processing: https://i.redd.it/m4cfqp8wfv5z.jpg
2019/01/08 17:51:45 Processing: https://i.redd.it/tb5pckm6e72y.jpg
2019/01/08 17:51:46 Processing: https://i.redd.it/fyqzavufvjwy.jpg
2019/01/08 17:51:46 Processing: https://i.redd.it/lsuw4p2ncyny.jpg
2019/01/08 17:51:47 Processing: http://i.imgur.com/FApqk3D.jpg
2019/01/08 17:51:49 Processing: http://i.imgur.com/TKLs9lo.jpg
2019/01/08 17:51:49 Processing: https://i.redd.it/d8021b5i2moy.jpg
2019/01/08 17:51:53 Processing: https://i.redd.it/4m5yk8gjrtzy.jpg
2019/01/08 17:51:54 Processing: https://i.redd.it/xae65ypfqycy.jpg
2019/01/08 17:51:54 Processing: http://i.imgur.com/lcEUZHv.jpg
2019/01/08 17:51:54 Processing: https://i.redd.it/1nlgrn49x7ry.jpg
2019/01/08 17:51:55 Processing: http://i.imgur.com/M3NOzLC.jpg
2019/01/08 17:51:55 Processing: https://i.redd.it/w5q6gldnvcuy.jpg
2019/01/08 17:51:55 Processing: https://i.redd.it/s5viyluv421z.jpg
2019/01/08 17:51:55 Processing: https://i.redd.it/h5t3qddvvzry.jpg
2019/01/08 17:51:56 Processing: https://i.redd.it/ftd3sx5ah13z.jpg
2019/01/08 17:51:56 Processing: https://i.redd.it/7ofdqmp53bzy.jpg
2019/01/08 17:51:56 Processing: http://i.imgur.com/sXhEQez.jpg
2019/01/08 17:51:57 Processing: https://i.redd.it/cwljeujku33z.jpg
2019/01/08 17:51:58 Processing: https://i.redd.it/fsuv32a1cc9y.jpg
2019/01/08 17:51:58 Processing: http://i.imgur.com/enhDnTM.jpg
2019/01/08 17:51:59 Processing: http://i.imgur.com/tyDhTll.jpg
2019/01/08 17:51:59 Processing: http://i.imgur.com/puEqa4C.jpg
2019/01/08 17:51:59 Processing: https://i.redd.it/ihczg3pmle3z.jpg
2019/01/08 17:52:00 Processing: https://i.redd.it/cpkq97klre4z.jpg
2019/01/08 17:52:00 Processing: http://i.imgur.com/RycdbMO.jpg
2019/01/08 17:52:00 Processing: https://i.redd.it/sn7ufk9fsv4z.jpg
2019/01/08 17:52:01 Processing: https://i.redd.it/n9jq5j2tatcy.jpg
2019/01/08 17:52:02 Processing: https://i.redd.it/0qow2dksb34z.jpg
2019/01/08 17:52:03 Processing: http://i.imgur.com/pt9rmrv.jpg
2019/01/08 17:52:04 Processing: http://i.imgur.com/6pnYQUv.jpg
2019/01/08 17:52:04 Processing: https://i.imgur.com/HRgRMOw.jpg
2019/01/08 17:52:05 Processing: https://i.redd.it/rubsfuf64lvy.jpg
2019/01/08 17:52:06 Processing: https://i.redd.it/nrafqoujmety.jpg
2019/01/08 17:52:07 Processing: https://i.redd.it/ru12lvaf7jyy.jpg
2019/01/08 17:52:07 Processing: https://i.redd.it/c5pk0vnpg3ty.jpg
2019/01/08 17:52:08 Processing: http://i.imgur.com/qvnjbVw.jpg
2019/01/08 17:52:08 Processing: https://i.redd.it/ax4eueu0szpy.jpg
2019/01/08 17:52:08 Processing: https://i.redd.it/guul6eld2soy.jpg
2019/01/08 17:52:08 Processing: http://i.imgur.com/Gh2I3pq.jpg
2019/01/08 17:52:08 Processing: https://i.redd.it/m4cfqp8wfv5z.jpg
2019/01/08 17:52:09 Processing: https://i.redd.it/tb5pckm6e72y.jpg
2019/01/08 17:52:09 Processing: https://i.redd.it/fyqzavufvjwy.jpg
2019/01/08 17:52:10 Processing: https://i.redd.it/lsuw4p2ncyny.jpg
2019/01/08 17:52:11 Processing: http://i.imgur.com/FApqk3D.jpg
2019/01/08 17:52:12 Processing: http://i.imgur.com/TKLs9lo.jpg
2019/01/08 17:52:12 Processing: https://i.redd.it/d8021b5i2moy.jpg
2019/01/08 17:52:16 Processing: https://i.redd.it/4m5yk8gjrtzy.jpg
2019/01/08 17:52:17 Processing: https://i.redd.it/xae65ypfqycy.jpg
2019/01/08 17:52:17 Processing: http://i.imgur.com/lcEUZHv.jpg
2019/01/08 17:52:18 Processing: https://i.redd.it/1nlgrn49x7ry.jpg
2019/01/08 17:52:18 Processing: http://i.imgur.com/M3NOzLC.jpg
2019/01/08 17:52:18 Processing: https://i.redd.it/w5q6gldnvcuy.jpg
2019/01/08 17:52:18 Processing: https://i.redd.it/s5viyluv421z.jpg
2019/01/08 17:52:19 Processing: https://i.redd.it/h5t3qddvvzry.jpg
2019/01/08 17:52:19 Processing: https://i.redd.it/ftd3sx5ah13z.jpg
2019/01/08 17:52:19 Processing: https://i.redd.it/7ofdqmp53bzy.jpg
2019/01/08 17:52:20 Processing: http://i.imgur.com/sXhEQez.jpg
2019/01/08 17:52:20 Processing: https://i.redd.it/cwljeujku33z.jpg
2019/01/08 17:52:21 Processing: https://i.redd.it/fsuv32a1cc9y.jpg
2019/01/08 17:52:21 Processing: http://i.imgur.com/enhDnTM.jpg
2019/01/08 17:52:22 Processing: http://i.imgur.com/tyDhTll.jpg
2019/01/08 17:52:22 Processing: http://i.imgur.com/puEqa4C.jpg
2019/01/08 17:52:23 Processing: https://i.redd.it/ihczg3pmle3z.jpg
2019/01/08 17:52:23 Processing: https://i.redd.it/cpkq97klre4z.jpg
2019/01/08 17:52:24 Processing: http://i.imgur.com/RycdbMO.jpg
2019/01/08 17:52:24 Processing: https://i.redd.it/sn7ufk9fsv4z.jpg
2019/01/08 17:52:25 Processing: https://i.redd.it/n9jq5j2tatcy.jpg
2019/01/08 17:52:26 Processing: https://i.redd.it/0qow2dksb34z.jpg
2019/01/08 17:52:27 Processing: http://i.imgur.com/pt9rmrv.jpg
2019/01/08 17:52:28 Processing: http://i.imgur.com/6pnYQUv.jpg
2019/01/08 17:52:29 Processing: https://i.imgur.com/HRgRMOw.jpg
2019/01/08 17:52:29 Processing: https://i.redd.it/rubsfuf64lvy.jpg
2019/01/08 17:52:30 Processing: https://i.redd.it/nrafqoujmety.jpg
2019/01/08 17:52:30 Processing: https://i.redd.it/ru12lvaf7jyy.jpg
2019/01/08 17:52:31 Processing: https://i.redd.it/c5pk0vnpg3ty.jpg
2019/01/08 17:52:31 Processing: http://i.imgur.com/qvnjbVw.jpg
2019/01/08 17:52:31 Processing: https://i.redd.it/ax4eueu0szpy.jpg
2019/01/08 17:52:31 Processing: https://i.redd.it/guul6eld2soy.jpg
2019/01/08 17:52:32 Processing: http://i.imgur.com/Gh2I3pq.jpg
2019/01/08 17:52:32 Processing: https://i.redd.it/m4cfqp8wfv5z.jpg
2019/01/08 17:52:32 Processing: https://i.redd.it/tb5pckm6e72y.jpg
2019/01/08 17:52:33 Processing: https://i.redd.it/fyqzavufvjwy.jpg
2019/01/08 17:52:33 Processing: https://i.redd.it/lsuw4p2ncyny.jpg
2019/01/08 17:52:34 Processing: http://i.imgur.com/FApqk3D.jpg
2019/01/08 17:52:35 Processing: http://i.imgur.com/TKLs9lo.jpg
2019/01/08 17:52:35 Processing: https://i.redd.it/d8021b5i2moy.jpg
2019/01/08 17:52:40 Processing: https://i.redd.it/4m5yk8gjrtzy.jpg
2019/01/08 17:52:40 Processing: https://i.redd.it/xae65ypfqycy.jpg
2019/01/08 17:52:40 Processing: http://i.imgur.com/lcEUZHv.jpg
2019/01/08 17:52:41 Processing: https://i.redd.it/1nlgrn49x7ry.jpg
2019/01/08 17:52:41 Processing: http://i.imgur.com/M3NOzLC.jpg
2019/01/08 17:52:42 Processing: https://i.redd.it/w5q6gldnvcuy.jpg
2019/01/08 17:52:42 Processing: https://i.redd.it/s5viyluv421z.jpg
2019/01/08 17:52:42 Processing: https://i.redd.it/h5t3qddvvzry.jpg
2019/01/08 17:52:42 Processing: https://i.redd.it/ftd3sx5ah13z.jpg
2019/01/08 17:52:43 Processing: https://i.redd.it/7ofdqmp53bzy.jpg
2019/01/08 17:52:43 Processing: http://i.imgur.com/sXhEQez.jpg
2019/01/08 17:52:44 Processing: https://i.redd.it/cwljeujku33z.jpg
2019/01/08 17:52:45 Processing: https://i.redd.it/fsuv32a1cc9y.jpg
2019/01/08 17:52:45 Processing: http://i.imgur.com/enhDnTM.jpg
2019/01/08 17:52:45 Processing: http://i.imgur.com/tyDhTll.jpg
2019/01/08 17:52:46 Processing: http://i.imgur.com/puEqa4C.jpg
2019/01/08 17:52:46 Processing: https://i.redd.it/ihczg3pmle3z.jpg
2019/01/08 17:52:46 Processing: https://i.redd.it/cpkq97klre4z.jpg
2019/01/08 17:52:47 Processing: http://i.imgur.com/RycdbMO.jpg
2019/01/08 17:52:47 Processing: https://i.redd.it/sn7ufk9fsv4z.jpg
2019/01/08 17:52:48 Processing: https://i.redd.it/n9jq5j2tatcy.jpg
2019/01/08 17:52:48 Processing: https://i.redd.it/0qow2dksb34z.jpg
2019/01/08 17:52:49 Processing: http://i.imgur.com/pt9rmrv.jpg
2019/01/08 17:52:50 Processing: http://i.imgur.com/6pnYQUv.jpg
2019/01/08 17:52:51 Processing: https://i.imgur.com/HRgRMOw.jpg
2019/01/08 17:52:51 Processing: https://i.redd.it/rubsfuf64lvy.jpg
2019/01/08 17:52:52 Processing: https://i.redd.it/nrafqoujmety.jpg
2019/01/08 17:52:54 Processing: https://i.redd.it/ru12lvaf7jyy.jpg
2019/01/08 17:52:54 Processing: https://i.redd.it/c5pk0vnpg3ty.jpg
2019/01/08 17:52:54 Processing: http://i.imgur.com/qvnjbVw.jpg
2019/01/08 17:52:54 Processing: https://i.redd.it/ax4eueu0szpy.jpg
2019/01/08 17:52:54 Processing: https://i.redd.it/guul6eld2soy.jpg
2019/01/08 17:52:55 Processing: http://i.imgur.com/Gh2I3pq.jpg
2019/01/08 17:52:55 Processing: https://i.redd.it/m4cfqp8wfv5z.jpg
2019/01/08 17:52:55 Processing: https://i.redd.it/tb5pckm6e72y.jpg
2019/01/08 17:52:56 Processing: https://i.redd.it/fyqzavufvjwy.jpg
2019/01/08 17:52:56 Processing: https://i.redd.it/lsuw4p2ncyny.jpg
2019/01/08 17:52:57 Processing: http://i.imgur.com/FApqk3D.jpg
2019/01/08 17:52:58 Processing: http://i.imgur.com/TKLs9lo.jpg
2019/01/08 17:52:58 Processing: https://i.redd.it/d8021b5i2moy.jpg
2019/01/08 17:53:03 Processing: https://i.redd.it/4m5yk8gjrtzy.jpg
2019/01/08 17:53:03 Processing: https://i.redd.it/xae65ypfqycy.jpg
2019/01/08 17:53:04 Processing: http://i.imgur.com/lcEUZHv.jpg
2019/01/08 17:53:04 Processing: https://i.redd.it/1nlgrn49x7ry.jpg
2019/01/08 17:53:04 Processing: http://i.imgur.com/M3NOzLC.jpg
2019/01/08 17:53:04 Processing: https://i.redd.it/w5q6gldnvcuy.jpg
2019/01/08 17:53:05 Processing: https://i.redd.it/s5viyluv421z.jpg
2019/01/08 17:53:06 Processing: https://i.redd.it/h5t3qddvvzry.jpg
2019/01/08 17:53:06 Processing: https://i.redd.it/ftd3sx5ah13z.jpg
2019/01/08 17:53:06 Processing: https://i.redd.it/7ofdqmp53bzy.jpg
2019/01/08 17:53:07 Processing: http://i.imgur.com/sXhEQez.jpg
2019/01/08 17:53:07 Processing: https://i.redd.it/cwljeujku33z.jpg
2019/01/08 17:53:08 Processing: https://i.redd.it/fsuv32a1cc9y.jpg
2019/01/08 17:53:08 Processing: http://i.imgur.com/enhDnTM.jpg
2019/01/08 17:53:09 Processing: http://i.imgur.com/tyDhTll.jpg
2019/01/08 17:53:09 Processing: http://i.imgur.com/puEqa4C.jpg
2019/01/08 17:53:09 Processing: https://i.redd.it/ihczg3pmle3z.jpg
2019/01/08 17:53:09 Processing: https://i.redd.it/cpkq97klre4z.jpg
2019/01/08 17:53:09 Processing: http://i.imgur.com/RycdbMO.jpg
2019/01/08 17:53:10 Processing: https://i.redd.it/sn7ufk9fsv4z.jpg
2019/01/08 17:53:11 Processing: https://i.redd.it/n9jq5j2tatcy.jpg
2019/01/08 17:53:12 Processing: https://i.redd.it/0qow2dksb34z.jpg
2019/01/08 17:53:12 Processing: http://i.imgur.com/pt9rmrv.jpg
2019/01/08 17:53:14 Processing: http://i.imgur.com/6pnYQUv.jpg
2019/01/08 17:53:14 Processing: https://i.imgur.com/HRgRMOw.jpg
2019/01/08 17:53:15 Processing: https://i.redd.it/rubsfuf64lvy.jpg
2019/01/08 17:53:16 Processing: https://i.redd.it/nrafqoujmety.jpg
2019/01/08 17:53:17 Processing: https://i.redd.it/ru12lvaf7jyy.jpg
2019/01/08 17:53:17 Processing: https://i.redd.it/c5pk0vnpg3ty.jpg
2019/01/08 17:53:18 Processing: http://i.imgur.com/qvnjbVw.jpg
2019/01/08 17:53:18 Processing: https://i.redd.it/ax4eueu0szpy.jpg
2019/01/08 17:53:18 Processing: https://i.redd.it/guul6eld2soy.jpg
2019/01/08 17:53:18 Processing: http://i.imgur.com/Gh2I3pq.jpg
2019/01/08 17:53:18 Processing: https://i.redd.it/m4cfqp8wfv5z.jpg
2019/01/08 17:53:19 Processing: https://i.redd.it/tb5pckm6e72y.jpg
2019/01/08 17:53:19 Processing: https://i.redd.it/fyqzavufvjwy.jpg
2019/01/08 17:53:20 Processing: https://i.redd.it/lsuw4p2ncyny.jpg
2019/01/08 17:53:21 Processing: http://i.imgur.com/FApqk3D.jpg
2019/01/08 17:53:22 Processing: http://i.imgur.com/TKLs9lo.jpg
2019/01/08 17:53:22 Processing: https://i.redd.it/d8021b5i2moy.jpg
2019/01/08 17:53:27 Processing: https://i.redd.it/4m5yk8gjrtzy.jpg
2019/01/08 17:53:27 Processing: https://i.redd.it/xae65ypfqycy.jpg
2019/01/08 17:53:27 Processing: http://i.imgur.com/lcEUZHv.jpg
2019/01/08 17:53:27 Processing: https://i.redd.it/1nlgrn49x7ry.jpg
2019/01/08 17:53:28 Processing: http://i.imgur.com/M3NOzLC.jpg
2019/01/08 17:53:28 Processing: https://i.redd.it/w5q6gldnvcuy.jpg
2019/01/08 17:53:28 Processing: https://i.redd.it/s5viyluv421z.jpg
2019/01/08 17:53:29 Processing: https://i.redd.it/h5t3qddvvzry.jpg
2019/01/08 17:53:29 Processing: https://i.redd.it/ftd3sx5ah13z.jpg
2019/01/08 17:53:29 Processing: https://i.redd.it/7ofdqmp53bzy.jpg
2019/01/08 17:53:29 Processing: http://i.imgur.com/sXhEQez.jpg
2019/01/08 17:53:30 Processing: https://i.redd.it/cwljeujku33z.jpg
2019/01/08 17:53:31 Processing: https://i.redd.it/fsuv32a1cc9y.jpg
2019/01/08 17:53:31 Processing: http://i.imgur.com/enhDnTM.jpg
2019/01/08 17:53:31 Processing: http://i.imgur.com/tyDhTll.jpg
2019/01/08 17:53:32 Processing: http://i.imgur.com/puEqa4C.jpg
2019/01/08 17:53:32 Processing: https://i.redd.it/ihczg3pmle3z.jpg
2019/01/08 17:53:32 Processing: https://i.redd.it/cpkq97klre4z.jpg
2019/01/08 17:53:33 Processing: http://i.imgur.com/RycdbMO.jpg
2019/01/08 17:53:33 Processing: https://i.redd.it/sn7ufk9fsv4z.jpg
2019/01/08 17:53:34 Processing: https://i.redd.it/n9jq5j2tatcy.jpg
2019/01/08 17:53:35 Processing: https://i.redd.it/0qow2dksb34z.jpg
2019/01/08 17:53:35 Processing: http://i.imgur.com/pt9rmrv.jpg
2019/01/08 17:53:36 Processing: http://i.imgur.com/6pnYQUv.jpg
2019/01/08 17:53:37 Processing: https://i.imgur.com/HRgRMOw.jpg
2019/01/08 17:53:37 Processing: https://i.redd.it/rubsfuf64lvy.jpg
2019/01/08 17:53:39 Processing: https://i.redd.it/nrafqoujmety.jpg
2019/01/08 17:53:39 Processing: https://i.redd.it/ru12lvaf7jyy.jpg
2019/01/08 17:53:40 Processing: https://i.redd.it/c5pk0vnpg3ty.jpg
2019/01/08 17:53:40 Processing: http://i.imgur.com/qvnjbVw.jpg
2019/01/08 17:53:40 Processing: https://i.redd.it/ax4eueu0szpy.jpg
2019/01/08 17:53:40 Processing: https://i.redd.it/guul6eld2soy.jpg
2019/01/08 17:53:41 Processing: http://i.imgur.com/Gh2I3pq.jpg
2019/01/08 17:53:41 Processing: https://i.redd.it/m4cfqp8wfv5z.jpg
2019/01/08 17:53:41 Processing: https://i.redd.it/tb5pckm6e72y.jpg
2019/01/08 17:53:42 Processing: https://i.redd.it/fyqzavufvjwy.jpg
2019/01/08 17:53:42 Processing: https://i.redd.it/lsuw4p2ncyny.jpg
2019/01/08 17:53:43 Processing: http://i.imgur.com/FApqk3D.jpg
2019/01/08 17:53:45 Processing: http://i.imgur.com/TKLs9lo.jpg
2019/01/08 17:53:45 Processing: https://i.redd.it/d8021b5i2moy.jpg
2019/01/08 17:53:49 Processing: https://i.redd.it/4m5yk8gjrtzy.jpg
2019/01/08 17:53:49 Processing: https://i.redd.it/xae65ypfqycy.jpg
2019/01/08 17:53:50 Processing: http://i.imgur.com/lcEUZHv.jpg
2019/01/08 17:53:50 Processing: https://i.redd.it/1nlgrn49x7ry.jpg
2019/01/08 17:53:50 Processing: http://i.imgur.com/M3NOzLC.jpg
2019/01/08 17:53:51 Processing: https://i.redd.it/w5q6gldnvcuy.jpg
2019/01/08 17:53:51 Processing: https://i.redd.it/s5viyluv421z.jpg
2019/01/08 17:53:51 Processing: https://i.redd.it/h5t3qddvvzry.jpg
2019/01/08 17:53:52 Processing: https://i.redd.it/ftd3sx5ah13z.jpg
2019/01/08 17:53:52 Processing: https://i.redd.it/7ofdqmp53bzy.jpg
2019/01/08 17:53:52 Processing: http://i.imgur.com/sXhEQez.jpg
2019/01/08 17:53:53 Processing: https://i.redd.it/cwljeujku33z.jpg
2019/01/08 17:53:54 Processing: https://i.redd.it/fsuv32a1cc9y.jpg
2019/01/08 17:53:54 Processing: http://i.imgur.com/enhDnTM.jpg
2019/01/08 17:53:54 Processing: http://i.imgur.com/tyDhTll.jpg
2019/01/08 17:53:54 Processing: http://i.imgur.com/puEqa4C.jpg
2019/01/08 17:53:54 Processing: https://i.redd.it/ihczg3pmle3z.jpg
2019/01/08 17:53:55 Processing: https://i.redd.it/cpkq97klre4z.jpg
2019/01/08 17:53:55 Processing: http://i.imgur.com/RycdbMO.jpg
2019/01/08 17:53:55 Processing: https://i.redd.it/sn7ufk9fsv4z.jpg
2019/01/08 17:53:56 Processing: https://i.redd.it/n9jq5j2tatcy.jpg
2019/01/08 17:53:57 Processing: https://i.redd.it/0qow2dksb34z.jpg
2019/01/08 17:53:57 Processing: http://i.imgur.com/pt9rmrv.jpg
2019/01/08 17:53:59 Processing: http://i.imgur.com/6pnYQUv.jpg
2019/01/08 17:54:00 Processing: https://i.imgur.com/HRgRMOw.jpg
2019/01/08 17:54:00 Processing: https://i.redd.it/rubsfuf64lvy.jpg
2019/01/08 17:54:01 Processing: https://i.redd.it/nrafqoujmety.jpg
2019/01/08 17:54:02 Processing: https://i.redd.it/ru12lvaf7jyy.jpg
2019/01/08 17:54:03 Processing: https://i.redd.it/c5pk0vnpg3ty.jpg
2019/01/08 17:54:03 Processing: http://i.imgur.com/qvnjbVw.jpg
2019/01/08 17:54:03 Processing: https://i.redd.it/ax4eueu0szpy.jpg
2019/01/08 17:54:03 Processing: https://i.redd.it/guul6eld2soy.jpg
2019/01/08 17:54:03 Processing: http://i.imgur.com/Gh2I3pq.jpg
2019/01/08 17:54:04 Processing: https://i.redd.it/m4cfqp8wfv5z.jpg
2019/01/08 17:54:04 Processing: https://i.redd.it/tb5pckm6e72y.jpg
2019/01/08 17:54:05 Processing: https://i.redd.it/fyqzavufvjwy.jpg
2019/01/08 17:54:06 Processing: https://i.redd.it/lsuw4p2ncyny.jpg
2019/01/08 17:54:06 Processing: http://i.imgur.com/FApqk3D.jpg
2019/01/08 17:54:07 Processing: http://i.imgur.com/TKLs9lo.jpg
2019/01/08 17:54:07 Processing: https://i.redd.it/d8021b5i2moy.jpg
2019/01/08 17:54:12 Processing: https://i.redd.it/4m5yk8gjrtzy.jpg
2019/01/08 17:54:13 Processing: https://i.redd.it/xae65ypfqycy.jpg
2019/01/08 17:54:13 Processing: http://i.imgur.com/lcEUZHv.jpg
2019/01/08 17:54:13 Processing: https://i.redd.it/1nlgrn49x7ry.jpg
2019/01/08 17:54:13 Processing: http://i.imgur.com/M3NOzLC.jpg
2019/01/08 17:54:14 Processing: https://i.redd.it/w5q6gldnvcuy.jpg
2019/01/08 17:54:14 Processing: https://i.redd.it/s5viyluv421z.jpg
2019/01/08 17:54:14 Processing: https://i.redd.it/h5t3qddvvzry.jpg
2019/01/08 17:54:15 Processing: https://i.redd.it/ftd3sx5ah13z.jpg
2019/01/08 17:54:15 Processing: https://i.redd.it/7ofdqmp53bzy.jpg
2019/01/08 17:54:15 Processing: http://i.imgur.com/sXhEQez.jpg
2019/01/08 17:54:16 Processing: https://i.redd.it/cwljeujku33z.jpg
2019/01/08 17:54:17 Processing: https://i.redd.it/fsuv32a1cc9y.jpg
2019/01/08 17:54:17 Processing: http://i.imgur.com/enhDnTM.jpg
2019/01/08 17:54:17 Processing: http://i.imgur.com/tyDhTll.jpg
2019/01/08 17:54:18 Processing: http://i.imgur.com/puEqa4C.jpg
2019/01/08 17:54:18 Processing: https://i.redd.it/ihczg3pmle3z.jpg
2019/01/08 17:54:18 Processing: https://i.redd.it/cpkq97klre4z.jpg
2019/01/08 17:54:18 Processing: http://i.imgur.com/RycdbMO.jpg
2019/01/08 17:54:19 Processing: https://i.redd.it/sn7ufk9fsv4z.jpg
2019/01/08 17:54:20 Processing: https://i.redd.it/n9jq5j2tatcy.jpg
2019/01/08 17:54:21 Processing: https://i.redd.it/0qow2dksb34z.jpg
2019/01/08 17:54:21 Processing: http://i.imgur.com/pt9rmrv.jpg
2019/01/08 17:54:22 Processing: http://i.imgur.com/6pnYQUv.jpg
2019/01/08 17:54:23 Processing: https://i.imgur.com/HRgRMOw.jpg
2019/01/08 17:54:23 Processing: https://i.redd.it/rubsfuf64lvy.jpg
2019/01/08 17:54:24 Processing: https://i.redd.it/nrafqoujmety.jpg
2019/01/08 17:54:26 Processing: https://i.redd.it/ru12lvaf7jyy.jpg
2019/01/08 17:54:26 Processing: https://i.redd.it/c5pk0vnpg3ty.jpg
2019/01/08 17:54:27 Processing: http://i.imgur.com/qvnjbVw.jpg
2019/01/08 17:54:27 Processing: https://i.redd.it/ax4eueu0szpy.jpg
2019/01/08 17:54:27 Processing: https://i.redd.it/guul6eld2soy.jpg
2019/01/08 17:54:27 Processing: http://i.imgur.com/Gh2I3pq.jpg
2019/01/08 17:54:27 Processing: https://i.redd.it/m4cfqp8wfv5z.jpg
2019/01/08 17:54:28 Processing: https://i.redd.it/tb5pckm6e72y.jpg
2019/01/08 17:54:28 Processing: https://i.redd.it/fyqzavufvjwy.jpg
2019/01/08 17:54:29 Processing: https://i.redd.it/lsuw4p2ncyny.jpg
2019/01/08 17:54:30 Processing: http://i.imgur.com/FApqk3D.jpg
2019/01/08 17:54:31 Processing: http://i.imgur.com/TKLs9lo.jpg
2019/01/08 17:54:31 Processing: https://i.redd.it/d8021b5i2moy.jpg
2019/01/08 17:54:35 Processing: https://i.redd.it/4m5yk8gjrtzy.jpg
2019/01/08 17:54:36 Processing: https://i.redd.it/xae65ypfqycy.jpg
2019/01/08 17:54:36 Processing: http://i.imgur.com/lcEUZHv.jpg
2019/01/08 17:54:37 Processing: https://i.redd.it/1nlgrn49x7ry.jpg
2019/01/08 17:54:37 Processing: http://i.imgur.com/M3NOzLC.jpg
2019/01/08 17:54:37 Processing: https://i.redd.it/w5q6gldnvcuy.jpg
2019/01/08 17:54:38 Processing: https://i.redd.it/s5viyluv421z.jpg
2019/01/08 17:54:38 Processing: https://i.redd.it/h5t3qddvvzry.jpg
2019/01/08 17:54:38 Processing: https://i.redd.it/ftd3sx5ah13z.jpg
2019/01/08 17:54:39 Processing: https://i.redd.it/7ofdqmp53bzy.jpg
2019/01/08 17:54:39 Processing: http://i.imgur.com/sXhEQez.jpg
2019/01/08 17:54:39 Processing: https://i.redd.it/cwljeujku33z.jpg
2019/01/08 17:54:40 Processing: https://i.redd.it/fsuv32a1cc9y.jpg
2019/01/08 17:54:41 Processing: http://i.imgur.com/enhDnTM.jpg
2019/01/08 17:54:41 Processing: http://i.imgur.com/tyDhTll.jpg
2019/01/08 17:54:41 Processing: http://i.imgur.com/puEqa4C.jpg
2019/01/08 17:54:41 Processing: https://i.redd.it/ihczg3pmle3z.jpg
2019/01/08 17:54:41 Processing: https://i.redd.it/cpkq97klre4z.jpg
2019/01/08 17:54:42 Processing: http://i.imgur.com/RycdbMO.jpg
2019/01/08 17:54:42 Processing: https://i.redd.it/sn7ufk9fsv4z.jpg
2019/01/08 17:54:43 Processing: https://i.redd.it/n9jq5j2tatcy.jpg
2019/01/08 17:54:44 Processing: https://i.redd.it/0qow2dksb34z.jpg
2019/01/08 17:54:45 Processing: http://i.imgur.com/pt9rmrv.jpg
2019/01/08 17:54:46 Processing: http://i.imgur.com/6pnYQUv.jpg
2019/01/08 17:54:47 Processing: https://i.imgur.com/HRgRMOw.jpg
2019/01/08 17:54:47 Processing: https://i.redd.it/rubsfuf64lvy.jpg
2019/01/08 17:54:48 Processing: https://i.redd.it/nrafqoujmety.jpg
2019/01/08 17:54:50 Processing: https://i.redd.it/ru12lvaf7jyy.jpg
2019/01/08 17:54:50 Processing: https://i.redd.it/c5pk0vnpg3ty.jpg
2019/01/08 17:54:50 Processing: http://i.imgur.com/qvnjbVw.jpg
2019/01/08 17:54:50 Processing: https://i.redd.it/ax4eueu0szpy.jpg
2019/01/08 17:54:50 Processing: https://i.redd.it/guul6eld2soy.jpg
2019/01/08 17:54:50 Processing: http://i.imgur.com/Gh2I3pq.jpg
2019/01/08 17:54:50 Processing: https://i.redd.it/m4cfqp8wfv5z.jpg
2019/01/08 17:54:51 Processing: https://i.redd.it/tb5pckm6e72y.jpg
2019/01/08 17:54:52 Processing: https://i.redd.it/fyqzavufvjwy.jpg
2019/01/08 17:54:52 Processing: https://i.redd.it/lsuw4p2ncyny.jpg
2019/01/08 17:54:53 Processing: http://i.imgur.com/FApqk3D.jpg
2019/01/08 17:54:54 Processing: http://i.imgur.com/TKLs9lo.jpg
2019/01/08 17:54:54 Processing: https://i.redd.it/d8021b5i2moy.jpg
2019/01/08 17:54:59 Processing: https://i.redd.it/4m5yk8gjrtzy.jpg
2019/01/08 17:54:59 Processing: https://i.redd.it/xae65ypfqycy.jpg
2019/01/08 17:54:59 Processing: http://i.imgur.com/lcEUZHv.jpg
2019/01/08 17:54:59 Processing: https://i.redd.it/1nlgrn49x7ry.jpg
2019/01/08 17:55:00 Processing: http://i.imgur.com/M3NOzLC.jpg
2019/01/08 17:55:00 Processing: https://i.redd.it/w5q6gldnvcuy.jpg
2019/01/08 17:55:01 Processing: https://i.redd.it/s5viyluv421z.jpg
2019/01/08 17:55:01 Processing: https://i.redd.it/h5t3qddvvzry.jpg
2019/01/08 17:55:01 Processing: https://i.redd.it/ftd3sx5ah13z.jpg
2019/01/08 17:55:02 Processing: https://i.redd.it/7ofdqmp53bzy.jpg
2019/01/08 17:55:02 Processing: http://i.imgur.com/sXhEQez.jpg
2019/01/08 17:55:02 Processing: https://i.redd.it/cwljeujku33z.jpg
2019/01/08 17:55:03 Processing: https://i.redd.it/fsuv32a1cc9y.jpg
2019/01/08 17:55:04 Processing: http://i.imgur.com/enhDnTM.jpg
2019/01/08 17:55:04 Processing: http://i.imgur.com/tyDhTll.jpg
2019/01/08 17:55:04 Processing: http://i.imgur.com/puEqa4C.jpg
2019/01/08 17:55:05 Processing: https://i.redd.it/ihczg3pmle3z.jpg
2019/01/08 17:55:05 Processing: https://i.redd.it/cpkq97klre4z.jpg
2019/01/08 17:55:05 Processing: http://i.imgur.com/RycdbMO.jpg
2019/01/08 17:55:05 Processing: https://i.redd.it/sn7ufk9fsv4z.jpg
2019/01/08 17:55:06 Processing: https://i.redd.it/n9jq5j2tatcy.jpg
2019/01/08 17:55:07 Processing: https://i.redd.it/0qow2dksb34z.jpg
2019/01/08 17:55:08 Processing: http://i.imgur.com/pt9rmrv.jpg
2019/01/08 17:55:09 Processing: http://i.imgur.com/6pnYQUv.jpg
2019/01/08 17:55:10 Processing: https://i.imgur.com/HRgRMOw.jpg
2019/01/08 17:55:10 Processing: https://i.redd.it/rubsfuf64lvy.jpg
2019/01/08 17:55:11 Processing: https://i.redd.it/nrafqoujmety.jpg
2019/01/08 17:55:12 Processing: https://i.redd.it/ru12lvaf7jyy.jpg
2019/01/08 17:55:13 Processing: https://i.redd.it/c5pk0vnpg3ty.jpg
2019/01/08 17:55:13 Processing: http://i.imgur.com/qvnjbVw.jpg
2019/01/08 17:55:13 Processing: https://i.redd.it/ax4eueu0szpy.jpg
2019/01/08 17:55:13 Processing: https://i.redd.it/guul6eld2soy.jpg
2019/01/08 17:55:13 Processing: http://i.imgur.com/Gh2I3pq.jpg
2019/01/08 17:55:14 Processing: https://i.redd.it/m4cfqp8wfv5z.jpg
2019/01/08 17:55:14 Processing: https://i.redd.it/tb5pckm6e72y.jpg
2019/01/08 17:55:15 Processing: https://i.redd.it/fyqzavufvjwy.jpg
2019/01/08 17:55:15 Processing: https://i.redd.it/lsuw4p2ncyny.jpg
2019/01/08 17:55:16 Processing: http://i.imgur.com/FApqk3D.jpg
2019/01/08 17:55:17 Processing: http://i.imgur.com/TKLs9lo.jpg
2019/01/08 17:55:18 Processing: https://i.redd.it/d8021b5i2moy.jpg
2019/01/08 17:55:21 Processing: https://i.redd.it/4m5yk8gjrtzy.jpg
2019/01/08 17:55:22 Processing: https://i.redd.it/xae65ypfqycy.jpg
2019/01/08 17:55:22 Processing: http://i.imgur.com/lcEUZHv.jpg
2019/01/08 17:55:22 Processing: https://i.redd.it/1nlgrn49x7ry.jpg
2019/01/08 17:55:23 Processing: http://i.imgur.com/M3NOzLC.jpg
2019/01/08 17:55:23 Processing: https://i.redd.it/w5q6gldnvcuy.jpg
2019/01/08 17:55:23 Processing: https://i.redd.it/s5viyluv421z.jpg
2019/01/08 17:55:24 Processing: https://i.redd.it/h5t3qddvvzry.jpg
2019/01/08 17:55:24 Processing: https://i.redd.it/ftd3sx5ah13z.jpg
2019/01/08 17:55:25 Processing: https://i.redd.it/7ofdqmp53bzy.jpg
2019/01/08 17:55:25 Processing: http://i.imgur.com/sXhEQez.jpg
2019/01/08 17:55:25 Processing: https://i.redd.it/cwljeujku33z.jpg
2019/01/08 17:55:26 Processing: https://i.redd.it/fsuv32a1cc9y.jpg
2019/01/08 17:55:26 Processing: http://i.imgur.com/enhDnTM.jpg
2019/01/08 17:55:27 Processing: http://i.imgur.com/tyDhTll.jpg
2019/01/08 17:55:29 Processing: http://i.imgur.com/puEqa4C.jpg
2019/01/08 17:55:29 Processing: https://i.redd.it/ihczg3pmle3z.jpg
2019/01/08 17:55:29 Processing: https://i.redd.it/cpkq97klre4z.jpg
2019/01/08 17:55:30 Processing: http://i.imgur.com/RycdbMO.jpg
2019/01/08 17:55:30 Processing: https://i.redd.it/sn7ufk9fsv4z.jpg
2019/01/08 17:55:31 Processing: https://i.redd.it/n9jq5j2tatcy.jpg
2019/01/08 17:55:32 Processing: https://i.redd.it/0qow2dksb34z.jpg
2019/01/08 17:55:33 Processing: http://i.imgur.com/pt9rmrv.jpg
2019/01/08 17:55:35 Processing: http://i.imgur.com/6pnYQUv.jpg
2019/01/08 17:55:35 Processing: https://i.imgur.com/HRgRMOw.jpg
2019/01/08 17:55:37 Processing: https://i.redd.it/rubsfuf64lvy.jpg
2019/01/08 17:55:38 Processing: https://i.redd.it/nrafqoujmety.jpg
2019/01/08 17:55:38 Processing: https://i.redd.it/ru12lvaf7jyy.jpg
2019/01/08 17:55:39 Processing: https://i.redd.it/c5pk0vnpg3ty.jpg
2019/01/08 17:55:39 Processing: http://i.imgur.com/qvnjbVw.jpg
2019/01/08 17:55:40 Processing: https://i.redd.it/ax4eueu0szpy.jpg
2019/01/08 17:55:40 Processing: https://i.redd.it/guul6eld2soy.jpg
2019/01/08 17:55:40 Processing: http://i.imgur.com/Gh2I3pq.jpg
2019/01/08 17:55:40 Processing: https://i.redd.it/m4cfqp8wfv5z.jpg
2019/01/08 17:55:40 Processing: https://i.redd.it/tb5pckm6e72y.jpg
2019/01/08 17:55:41 Processing: https://i.redd.it/fyqzavufvjwy.jpg
2019/01/08 17:55:42 Processing: https://i.redd.it/lsuw4p2ncyny.jpg
2019/01/08 17:55:42 Processing: http://i.imgur.com/FApqk3D.jpg
2019/01/08 17:55:43 Processing: http://i.imgur.com/TKLs9lo.jpg
2019/01/08 17:55:44 Processing: https://i.redd.it/d8021b5i2moy.jpg
2019/01/08 17:55:46 Processing: https://i.redd.it/4m5yk8gjrtzy.jpg
2019/01/08 17:55:47 Processing: https://i.redd.it/xae65ypfqycy.jpg
2019/01/08 17:55:49 Processing: http://i.imgur.com/lcEUZHv.jpg
2019/01/08 17:55:50 Processing: https://i.redd.it/1nlgrn49x7ry.jpg
2019/01/08 17:55:50 Processing: http://i.imgur.com/M3NOzLC.jpg
2019/01/08 17:55:50 Processing: https://i.redd.it/w5q6gldnvcuy.jpg
2019/01/08 17:55:50 Processing: https://i.redd.it/s5viyluv421z.jpg
2019/01/08 17:55:51 Processing: https://i.redd.it/h5t3qddvvzry.jpg
2019/01/08 17:55:51 Processing: https://i.redd.it/ftd3sx5ah13z.jpg
2019/01/08 17:55:52 Processing: https://i.redd.it/7ofdqmp53bzy.jpg
2019/01/08 17:55:52 Processing: http://i.imgur.com/sXhEQez.jpg
2019/01/08 17:55:52 Processing: https://i.redd.it/cwljeujku33z.jpg
2019/01/08 17:55:53 Processing: https://i.redd.it/fsuv32a1cc9y.jpg
2019/01/08 17:55:54 Processing: http://i.imgur.com/enhDnTM.jpg
2019/01/08 17:55:54 Processing: http://i.imgur.com/tyDhTll.jpg
2019/01/08 17:55:55 Processing: http://i.imgur.com/puEqa4C.jpg
2019/01/08 17:55:55 Processing: https://i.redd.it/ihczg3pmle3z.jpg
2019/01/08 17:55:55 Processing: https://i.redd.it/cpkq97klre4z.jpg
2019/01/08 17:55:55 Processing: http://i.imgur.com/RycdbMO.jpg
2019/01/08 17:55:55 Processing: https://i.redd.it/sn7ufk9fsv4z.jpg
2019/01/08 17:55:56 Processing: https://i.redd.it/n9jq5j2tatcy.jpg
2019/01/08 17:55:57 Processing: https://i.redd.it/0qow2dksb34z.jpg
2019/01/08 17:55:58 Processing: http://i.imgur.com/pt9rmrv.jpg
2019/01/08 17:56:00 Processing: http://i.imgur.com/6pnYQUv.jpg
2019/01/08 17:56:01 Processing: https://i.imgur.com/HRgRMOw.jpg
2019/01/08 17:56:01 Processing: https://i.redd.it/rubsfuf64lvy.jpg
2019/01/08 17:56:02 Processing: https://i.redd.it/nrafqoujmety.jpg
2019/01/08 17:56:02 Processing: https://i.redd.it/ru12lvaf7jyy.jpg
2019/01/08 17:56:03 Processing: https://i.redd.it/c5pk0vnpg3ty.jpg
2019/01/08 17:56:03 Processing: http://i.imgur.com/qvnjbVw.jpg
2019/01/08 17:56:04 Processing: https://i.redd.it/ax4eueu0szpy.jpg
2019/01/08 17:56:04 Processing: https://i.redd.it/guul6eld2soy.jpg
2019/01/08 17:56:04 Processing: http://i.imgur.com/Gh2I3pq.jpg
2019/01/08 17:56:04 Processing: https://i.redd.it/m4cfqp8wfv5z.jpg
2019/01/08 17:56:06 Processing: https://i.redd.it/tb5pckm6e72y.jpg
2019/01/08 17:56:06 Processing: https://i.redd.it/fyqzavufvjwy.jpg
2019/01/08 17:56:07 Processing: https://i.redd.it/lsuw4p2ncyny.jpg
2019/01/08 17:56:07 Processing: http://i.imgur.com/FApqk3D.jpg
2019/01/08 17:56:08 Processing: http://i.imgur.com/TKLs9lo.jpg
2019/01/08 17:56:08 Processing: https://i.redd.it/d8021b5i2moy.jpg
2019/01/08 17:56:12 Processing: https://i.redd.it/4m5yk8gjrtzy.jpg
2019/01/08 17:56:13 Processing: https://i.redd.it/xae65ypfqycy.jpg
2019/01/08 17:56:13 Processing: http://i.imgur.com/lcEUZHv.jpg
2019/01/08 17:56:13 Processing: https://i.redd.it/1nlgrn49x7ry.jpg
2019/01/08 17:56:14 Processing: http://i.imgur.com/M3NOzLC.jpg
2019/01/08 17:56:14 Processing: https://i.redd.it/w5q6gldnvcuy.jpg
2019/01/08 17:56:15 Processing: https://i.redd.it/s5viyluv421z.jpg
2019/01/08 17:56:15 Processing: https://i.redd.it/h5t3qddvvzry.jpg
2019/01/08 17:56:15 Processing: https://i.redd.it/ftd3sx5ah13z.jpg
2019/01/08 17:56:16 Processing: https://i.redd.it/7ofdqmp53bzy.jpg
2019/01/08 17:56:16 Processing: http://i.imgur.com/sXhEQez.jpg
2019/01/08 17:56:17 Processing: https://i.redd.it/cwljeujku33z.jpg
2019/01/08 17:56:17 Processing: https://i.redd.it/fsuv32a1cc9y.jpg
2019/01/08 17:56:17 Processing: http://i.imgur.com/enhDnTM.jpg
2019/01/08 17:56:18 Processing: http://i.imgur.com/tyDhTll.jpg
2019/01/08 17:56:18 Processing: http://i.imgur.com/puEqa4C.jpg
2019/01/08 17:56:18 Processing: https://i.redd.it/ihczg3pmle3z.jpg
2019/01/08 17:56:18 Processing: https://i.redd.it/cpkq97klre4z.jpg
2019/01/08 17:56:18 Processing: http://i.imgur.com/RycdbMO.jpg
2019/01/08 17:56:19 Processing: https://i.redd.it/sn7ufk9fsv4z.jpg
2019/01/08 17:56:20 Processing: https://i.redd.it/n9jq5j2tatcy.jpg
2019/01/08 17:56:21 Processing: https://i.redd.it/0qow2dksb34z.jpg
2019/01/08 17:56:21 Processing: http://i.imgur.com/pt9rmrv.jpg
2019/01/08 17:56:23 Processing: http://i.imgur.com/6pnYQUv.jpg
2019/01/08 17:56:23 Processing: https://i.imgur.com/HRgRMOw.jpg
2019/01/08 17:56:24 Processing: https://i.redd.it/rubsfuf64lvy.jpg
2019/01/08 17:56:24 Processing: https://i.redd.it/nrafqoujmety.jpg
2019/01/08 17:56:26 Processing: https://i.redd.it/ru12lvaf7jyy.jpg
2019/01/08 17:56:26 Processing: https://i.redd.it/c5pk0vnpg3ty.jpg
2019/01/08 17:56:27 Processing: http://i.imgur.com/qvnjbVw.jpg
2019/01/08 17:56:27 Processing: https://i.redd.it/ax4eueu0szpy.jpg
2019/01/08 17:56:27 Processing: https://i.redd.it/guul6eld2soy.jpg
2019/01/08 17:56:27 Processing: http://i.imgur.com/Gh2I3pq.jpg
2019/01/08 17:56:27 Processing: https://i.redd.it/m4cfqp8wfv5z.jpg
2019/01/08 17:56:28 Processing: https://i.redd.it/tb5pckm6e72y.jpg
2019/01/08 17:56:29 Processing: https://i.redd.it/fyqzavufvjwy.jpg
2019/01/08 17:56:30 Processing: https://i.redd.it/lsuw4p2ncyny.jpg
2019/01/08 17:56:30 Processing: http://i.imgur.com/FApqk3D.jpg
2019/01/08 17:56:31 Processing: http://i.imgur.com/TKLs9lo.jpg
2019/01/08 17:56:31 Processing: https://i.redd.it/d8021b5i2moy.jpg
2019/01/08 17:56:36 Processing: https://i.redd.it/4m5yk8gjrtzy.jpg
2019/01/08 17:56:36 Processing: https://i.redd.it/xae65ypfqycy.jpg
2019/01/08 17:56:37 Processing: http://i.imgur.com/lcEUZHv.jpg
2019/01/08 17:56:37 Processing: https://i.redd.it/1nlgrn49x7ry.jpg
2019/01/08 17:56:37 Processing: http://i.imgur.com/M3NOzLC.jpg
2019/01/08 17:56:37 Processing: https://i.redd.it/w5q6gldnvcuy.jpg
2019/01/08 17:56:38 Processing: https://i.redd.it/s5viyluv421z.jpg
2019/01/08 17:56:38 Processing: https://i.redd.it/h5t3qddvvzry.jpg
2019/01/08 17:56:38 Processing: https://i.redd.it/ftd3sx5ah13z.jpg
2019/01/08 17:56:38 Processing: https://i.redd.it/7ofdqmp53bzy.jpg
2019/01/08 17:56:39 Processing: http://i.imgur.com/sXhEQez.jpg
2019/01/08 17:56:39 Processing: https://i.redd.it/cwljeujku33z.jpg
2019/01/08 17:56:40 Processing: https://i.redd.it/fsuv32a1cc9y.jpg
2019/01/08 17:56:41 Processing: http://i.imgur.com/enhDnTM.jpg
2019/01/08 17:56:42 Processing: http://i.imgur.com/tyDhTll.jpg
2019/01/08 17:56:42 Processing: http://i.imgur.com/puEqa4C.jpg
2019/01/08 17:56:43 Processing: https://i.redd.it/ihczg3pmle3z.jpg
2019/01/08 17:56:43 Processing: https://i.redd.it/cpkq97klre4z.jpg
2019/01/08 17:56:43 Processing: http://i.imgur.com/RycdbMO.jpg
2019/01/08 17:56:43 Processing: https://i.redd.it/sn7ufk9fsv4z.jpg
2019/01/08 17:56:45 Processing: https://i.redd.it/n9jq5j2tatcy.jpg
2019/01/08 17:56:46 Processing: https://i.redd.it/0qow2dksb34z.jpg
2019/01/08 17:56:46 Processing: http://i.imgur.com/pt9rmrv.jpg
2019/01/08 17:56:48 Processing: http://i.imgur.com/6pnYQUv.jpg
2019/01/08 17:56:49 Processing: https://i.imgur.com/HRgRMOw.jpg
2019/01/08 17:56:49 Processing: https://i.redd.it/rubsfuf64lvy.jpg
2019/01/08 17:56:50 Processing: https://i.redd.it/nrafqoujmety.jpg
2019/01/08 17:56:51 Processing: https://i.redd.it/ru12lvaf7jyy.jpg
2019/01/08 17:56:52 Processing: https://i.redd.it/c5pk0vnpg3ty.jpg
2019/01/08 17:56:52 Processing: http://i.imgur.com/qvnjbVw.jpg
2019/01/08 17:56:52 Processing: https://i.redd.it/ax4eueu0szpy.jpg
2019/01/08 17:56:52 Processing: https://i.redd.it/guul6eld2soy.jpg
2019/01/08 17:56:52 Processing: http://i.imgur.com/Gh2I3pq.jpg
2019/01/08 17:56:53 Processing: https://i.redd.it/m4cfqp8wfv5z.jpg
2019/01/08 17:56:53 Processing: https://i.redd.it/tb5pckm6e72y.jpg
2019/01/08 17:56:54 Processing: https://i.redd.it/fyqzavufvjwy.jpg
2019/01/08 17:56:54 Processing: https://i.redd.it/lsuw4p2ncyny.jpg
2019/01/08 17:56:55 Processing: http://i.imgur.com/FApqk3D.jpg
2019/01/08 17:56:56 Processing: http://i.imgur.com/TKLs9lo.jpg
2019/01/08 17:56:56 Processing: https://i.redd.it/d8021b5i2moy.jpg
2019/01/08 17:57:00 Processing: https://i.redd.it/4m5yk8gjrtzy.jpg
2019/01/08 17:57:00 Processing: https://i.redd.it/xae65ypfqycy.jpg
2019/01/08 17:57:01 Processing: http://i.imgur.com/lcEUZHv.jpg
2019/01/08 17:57:02 Processing: https://i.redd.it/1nlgrn49x7ry.jpg
2019/01/08 17:57:03 Processing: http://i.imgur.com/M3NOzLC.jpg
2019/01/08 17:57:03 Processing: https://i.redd.it/w5q6gldnvcuy.jpg
2019/01/08 17:57:03 Processing: https://i.redd.it/s5viyluv421z.jpg
2019/01/08 17:57:03 Processing: https://i.redd.it/h5t3qddvvzry.jpg
2019/01/08 17:57:03 Processing: https://i.redd.it/ftd3sx5ah13z.jpg
2019/01/08 17:57:04 Processing: https://i.redd.it/7ofdqmp53bzy.jpg
2019/01/08 17:57:04 Processing: http://i.imgur.com/sXhEQez.jpg
2019/01/08 17:57:05 Processing: https://i.redd.it/cwljeujku33z.jpg
2019/01/08 17:57:06 Processing: https://i.redd.it/fsuv32a1cc9y.jpg
2019/01/08 17:57:06 Processing: http://i.imgur.com/enhDnTM.jpg
2019/01/08 17:57:07 Processing: http://i.imgur.com/tyDhTll.jpg
2019/01/08 17:57:07 Processing: http://i.imgur.com/puEqa4C.jpg
2019/01/08 17:57:07 Processing: https://i.redd.it/ihczg3pmle3z.jpg
2019/01/08 17:57:07 Processing: https://i.redd.it/cpkq97klre4z.jpg
2019/01/08 17:57:08 Processing: http://i.imgur.com/RycdbMO.jpg
2019/01/08 17:57:08 Processing: https://i.redd.it/sn7ufk9fsv4z.jpg
2019/01/08 17:57:09 Processing: https://i.redd.it/n9jq5j2tatcy.jpg
2019/01/08 17:57:10 Processing: https://i.redd.it/0qow2dksb34z.jpg
2019/01/08 17:57:11 Processing: http://i.imgur.com/pt9rmrv.jpg
2019/01/08 17:57:12 Processing: http://i.imgur.com/6pnYQUv.jpg
2019/01/08 17:57:12 Processing: https://i.imgur.com/HRgRMOw.jpg
2019/01/08 17:57:12 Processing: https://i.redd.it/rubsfuf64lvy.jpg
2019/01/08 17:57:14 Processing: https://i.redd.it/nrafqoujmety.jpg
2019/01/08 17:57:15 Processing: https://i.redd.it/ru12lvaf7jyy.jpg
2019/01/08 17:57:15 Processing: https://i.redd.it/c5pk0vnpg3ty.jpg
2019/01/08 17:57:16 Processing: http://i.imgur.com/qvnjbVw.jpg
2019/01/08 17:57:16 Processing: https://i.redd.it/ax4eueu0szpy.jpg
2019/01/08 17:57:16 Processing: https://i.redd.it/guul6eld2soy.jpg
2019/01/08 17:57:16 Processing: http://i.imgur.com/Gh2I3pq.jpg
2019/01/08 17:57:16 Processing: https://i.redd.it/m4cfqp8wfv5z.jpg
2019/01/08 17:57:16 Processing: https://i.redd.it/tb5pckm6e72y.jpg
2019/01/08 17:57:18 Processing: https://i.redd.it/fyqzavufvjwy.jpg
2019/01/08 17:57:18 Processing: https://i.redd.it/lsuw4p2ncyny.jpg
2019/01/08 17:57:19 Processing: http://i.imgur.com/FApqk3D.jpg
2019/01/08 17:57:20 Processing: http://i.imgur.com/TKLs9lo.jpg
2019/01/08 17:57:20 Processing: https://i.redd.it/d8021b5i2moy.jpg
2019/01/08 17:57:24 Processing: https://i.redd.it/4m5yk8gjrtzy.jpg
2019/01/08 17:57:25 Processing: https://i.redd.it/xae65ypfqycy.jpg
2019/01/08 17:57:25 Processing: http://i.imgur.com/lcEUZHv.jpg
2019/01/08 17:57:26 Processing: https://i.redd.it/1nlgrn49x7ry.jpg
2019/01/08 17:57:26 Processing: http://i.imgur.com/M3NOzLC.jpg
2019/01/08 17:57:26 Processing: https://i.redd.it/w5q6gldnvcuy.jpg
2019/01/08 17:57:26 Processing: https://i.redd.it/s5viyluv421z.jpg
2019/01/08 17:57:26 Processing: https://i.redd.it/h5t3qddvvzry.jpg
2019/01/08 17:57:27 Processing: https://i.redd.it/ftd3sx5ah13z.jpg
2019/01/08 17:57:27 Processing: https://i.redd.it/7ofdqmp53bzy.jpg
2019/01/08 17:57:28 Processing: http://i.imgur.com/sXhEQez.jpg
2019/01/08 17:57:28 Processing: https://i.redd.it/cwljeujku33z.jpg
2019/01/08 17:57:29 Processing: https://i.redd.it/fsuv32a1cc9y.jpg
2019/01/08 17:57:30 Processing: http://i.imgur.com/enhDnTM.jpg
2019/01/08 17:57:30 Processing: http://i.imgur.com/tyDhTll.jpg
2019/01/08 17:57:31 Processing: http://i.imgur.com/puEqa4C.jpg
2019/01/08 17:57:31 Processing: https://i.redd.it/ihczg3pmle3z.jpg
2019/01/08 17:57:31 Processing: https://i.redd.it/cpkq97klre4z.jpg
2019/01/08 17:57:32 Processing: http://i.imgur.com/RycdbMO.jpg
2019/01/08 17:57:32 Processing: https://i.redd.it/sn7ufk9fsv4z.jpg
2019/01/08 17:57:33 Processing: https://i.redd.it/n9jq5j2tatcy.jpg
2019/01/08 17:57:34 Processing: https://i.redd.it/0qow2dksb34z.jpg
2019/01/08 17:57:34 Processing: http://i.imgur.com/pt9rmrv.jpg
2019/01/08 17:57:35 Processing: http://i.imgur.com/6pnYQUv.jpg
2019/01/08 17:57:36 Processing: https://i.imgur.com/HRgRMOw.jpg
2019/01/08 17:57:36 Processing: https://i.redd.it/rubsfuf64lvy.jpg
2019/01/08 17:57:37 Processing: https://i.redd.it/nrafqoujmety.jpg
2019/01/08 17:57:39 Processing: https://i.redd.it/ru12lvaf7jyy.jpg
2019/01/08 17:57:39 Processing: https://i.redd.it/c5pk0vnpg3ty.jpg
2019/01/08 17:57:39 Processing: http://i.imgur.com/qvnjbVw.jpg
2019/01/08 17:57:40 Processing: https://i.redd.it/ax4eueu0szpy.jpg
2019/01/08 17:57:40 Processing: https://i.redd.it/guul6eld2soy.jpg
2019/01/08 17:57:40 Processing: http://i.imgur.com/Gh2I3pq.jpg
2019/01/08 17:57:40 Processing: https://i.redd.it/m4cfqp8wfv5z.jpg
2019/01/08 17:57:41 Processing: https://i.redd.it/tb5pckm6e72y.jpg
2019/01/08 17:57:41 Processing: https://i.redd.it/fyqzavufvjwy.jpg
2019/01/08 17:57:42 Processing: https://i.redd.it/lsuw4p2ncyny.jpg
2019/01/08 17:57:49 Done
